<?xml version="1.0" encoding="UTF-8"?>
<!-- Generated by org.testng.reporters.JUnitXMLReporter -->
<testsuite ignored="0" hostname="rajendras-MacBook-Pro.local" failures="0" tests="3" name="Default test" time="137.566" errors="0" timestamp="16 Sep 2018 06:13:59 GMT">
  <testcase classname="browsers.BrowserFactory" name="launchGoogleTest" time="12.276"/>
  <testcase classname="browsers.BrowserFactory" name="launchTestAutomationGuruTest" time="10.717"/>
  <testcase classname="browsers.BrowserFactory" name="launchYahooTest" time="16.126"/>
</testsuite> <!-- Default test -->
